本节介绍如何使用BSQL的EXPLAIN和EXPLAIN ANALYZE语句优化查询。

## **EXPLAIN语句**

使用EXPLAIN语句，您可以获得由BSQL为给定SQL语句生成的查询执行计划。除了计划之外，EXPLAIN还返回以下信息:
1.启动成本，表示返回第一行之前的估计查询成本。
2.运行查询直至完成的总成本。
可以将EXPLAIN语句与SELECT、DELETE、INSERT、REPLACE和UPDATE语句结合使用。EXPLAIN语句的语法如下:

```
EXPLAIN [ ( option [, ...] ) ] sql_statement;
```

下表中描述了选项（option）及其值。最重要的选项是ANALYZE。

| 选项（option） | 值                              | 描述                                                         |
| -------------- | ------------------------------- | ------------------------------------------------------------ |
| ANALYZE        | boolean                         | 通过执行sql_statement返回额外的运行时统计信息，例如在每个计划节点上花费的时间、处理的行数、查询执行期间的内存峰值使用情况等等(而不是像EXPLAIN不带ANALYZE那样只创建计划)。sql_statement的输出将被丢弃。输出包括查询执行过程中的峰值内存使用情况。为了在不影响数据的情况下对任何数据修改语句(如INSERT、UPDATE和DELETE)执行分析，必须在事务中使用以下语法包装EXPLAIN ANALYZE:BEGIN;EXPLAIN ANALYZE sql_statement;ROLLBACK; |
| VERBOSE        | boolean                         | 显示查询计划的详细信息。默认值为FALSE。                      |
| COSTS          | boolean                         | 提供每个计划节点的估计初始成本和总成本。此外，估计查询计划中的行数和每行的宽度。默认值为TRUE。 |
| BUFFERS        | boolean                         | 提供有关查询中输入输出最密集部分的信息。默认值为FALSE。只有当ANALYZE设置为TRUE时，才能使用此选项。 |
| TIMING         | boolean                         | 提供有关实际启动时间和输出的每个节点所花费的时间的信息。默认值为TRUE。只有当ANALYZE设置为TRUE时，才能使用此选项。 |
| SUMMARY        | boolean                         | 提供附加信息，例如执行查询计划后的总时间。当ANALYZE设置为TRUE时，该选项的值为TRUE。 |
| FORMAT         | { TEXT \| XML \| JSON \| YAML } | 允许您定义查询计划的输出格式，默认值为TEXT                   |

**示例**
通常，首先在BrightDB中创建一个表，并向其中插入行。
要创建一个名为employees的表，执行以下命令:

```
CREATE TABLE employees(k1 int, k2 int, v1 int, v2 text, PRIMARY KEY (k1, k2));
```

要插入表行，执行以下命令:

```
INSERT INTO employees (k1, k2, v1, v2)
VALUES (1, 2.0, 3, 'a'), (2, 3.0, 4, 'b'), (3, 4.0, 5, 'c');
```

检查基本选择查询的查询计划，执行如下命令:

```
bigmath=# EXPLAIN SELECT * FROM employees WHERE k1 = 1;
```

以下输出显示查询执行成本估计值:

```
    QUERY PLAN
------------------------------------------------------------------------------
 Index Scan using sample_pkey on sample  (cost=0.00..15.25 rows=100 width=44)
   Index Cond: (k1 = 1)
(2 rows)
```

如果需要查询需要过滤的复杂条件select的执行计划，执行如下命令:

```
EXPLAIN SELECT * FROM employees
WHERE k1 = 2 and floor(k2 + 1.5) = v1;
```

下面的输出显示了基于过滤结果的成本估算:

```
                                  QUERY PLAN
------------------------------------------------------------------------------
 Index Scan using sample_pkey on sample  (cost=0.00..17.75 rows=100 width=44)
   Index Cond: (k1 = 2)
   Filter: (floor(((k2)::numeric + 1.5)) = (v1)::numeric)
(3 rows)
```

通过启用ANALYZE选项并包装它以保持数据完整性，您可以触发查询执行，如下所示:

```
BEGIN;
EXPLAIN ANALYZE SELECT * FROM employees
WHERE k1 = 2 and floor(k2 + 1.5) = v1;
ROLLBACK;
 QUERY PLAN
------------------------------------------------------------------------------------------------------------------------
 Index Scan using sample_pkey on sample  (cost=0.00..17.75 rows=100 width=44) (actual time=3.773..3.776 rows=1 loops=1)
   Index Cond: (k1 = 2)
   Filter: (floor(((k2)::numeric + 1.5)) = (v1)::numeric)
 Planning Time: 0.145 ms
 Execution Time: 4.840 ms
 Peak Memory Usage: 8 kB
(6 rows)
```

除了查询规划器的成本估算之外，EXPLAIN ANALYZE还显示语句执行期间产生的服务器输出，如下例所示:

```
EXPLAIN ANALYZE SELECT * FROM employees a LEFT JOIN LATERAL
(SELECT * FROM employees b WHERE a = b) c ON TRUE;
  QUERY PLAN
------------------------------------------------------------------------------------------------------------------------
 Merge Left Join  (cost=299.66..379.66 rows=5000 width=88) (actual time=2.382..2.389 rows=3 loops=1)
   Merge Cond: (a.* = b.*)
   ->  Sort  (cost=149.83..152.33 rows=1000 width=112) (actual time=1.485..1.500 rows=3 loops=1)
         Sort Key: a.*
         Sort Method: quicksort  Memory: 25kB
         ->  Seq Scan on employees a  (cost=0.00..100.00 rows=1000 width=112) (actual time=0.407..0.410 rows=3 loops=1)
   ->  Sort  (cost=149.83..152.33 rows=1000 width=112) (actual time=0.657..0.658 rows=3 loops=1)
         Sort Key: b.*
         Sort Method: quicksort  Memory: 25kB
         ->  Seq Scan on employees b  (cost=0.00..100.00 rows=1000 width=112) (actual time=0.278..0.280 rows=3 loops=1)
 Planning Time: 30.850 ms
 Execution Time: 3.943 ms
 Peak Memory Usage: 137 kB
(13 rows)
```

上一个示例的服务器输出包括每个节点执行的重新扫描(循环)次数、返回第一行之前经过的毫秒数、每个执行节点返回最后一个元组之前的总时间，以及每个执行节点返回的元组数量。
另一方面，EXPLAIN不提供这些附加信息，如下面的示例所示:

```
bigmath=# EXPLAIN SELECT * FROM employees a LEFT JOIN LATERAL
(SELECT * FROM employees b WHERE a = b) c ON TRUE;
                                  QUERY PLAN
------------------------------------------------------------------------------
 Merge Left Join  (cost=299.66..379.66 rows=5000 width=88)
   Merge Cond: (a.* = b.*)
   ->  Sort  (cost=149.83..152.33 rows=1000 width=112)
         Sort Key: a.*
         ->  Seq Scan on employees a  (cost=0.00..100.00 rows=1000 width=112)
   ->  Sort  (cost=149.83..152.33 rows=1000 width=112)
         Sort Key: b.*
         ->  Seq Scan on employees b  (cost=0.00..100.00 rows=1000 width=112)
(8 rows)
```

## **生产环境的例子**

下面的示例来自一个真实场景，使用EXPLAIN语句查看查询计划，然后通过添加索引和调整表来优化这些查询。

### **使用索引优化SELECT COUNT**

下表代表了客户的数据。

```
Table "public.contacts"
Column          | Type                           | Collation | Nullable | Default
------------------------+----------------------------------------------+------------+-----------+--------
id               | bigint                         |           | not null |
account_id        | integer                        |           |          |
email            | character varying                |           |          |
first_name        | character varying                |           |          |
last_name        | character varying                 |           |         |
address_line_1    | character varying                 |           |         |
address_line_2    | character varying                 |           |         |
address_city      | character varying                 |           |         |
address_state      | character varying                |           |         |
address_postal     | character varying                |           |         |
created_at        | timestamp(6) without time zone     |           | not null  |
updated_at        | timestamp(6) without time zone     |           | not null  |
is_over_charged   | boolean                         |           |         | false
is_paid           | boolean                         |           |         | false
data_source       | character varying                  |           |         |
 
Indexes:
    "contacts_pkey" PRIMARY KEY, lsm (id HASH)
```

运行以下带有EXPLAIN输出的查询将显示BSQL为给定SQL语句生成的查询执行计划。

```
explain SELECT COUNT(*) FROM contacts WHERE contacts.account_id = 1234
    AND contacts.is_paid = TRUE
    AND contacts.is_over_charged = TRUE
    AND (updated_at > '2021-04-12 12:00:00 ');
QUERY PLAN
----------------------------------------------
Aggregate (cost=107.50..107.51 rows=1 width=8)
    Seq Scan on contacts (cost=0.00..105.00 rows=1000 width=0)
        Filter: (is_paid AND is_over_charged AND (updated_at > '2021-04-12 12:00:00'::timestamp without time zone) AND (account_id = 1234))
(3 rows)
explain SELECT COUNT(*) FROM contacts WHERE contacts.account_id = 5678
    AND contacts.is_paid_for = TRUE
    AND contacts.is_over_charged = TRUE
    AND (updated_at > '2021-04-12 12:00:00');
QUERY PLAN
----------------------------------------------
Aggregate (cost=107.50..107.51 rows=1 width=8)
    Seq Scan on contacts (cost=0.00..105.00 rows=1000 width=0)
        Filter: (is_paid AND is_over_charged AND (updated_at > '2021-04-12 12:00:00'::timestamp without time zone) AND (account_id = 5678))
(3 rows)
bigmath=# explain SELECT COUNT(*) FROM contacts WHERE contacts.account_id = 7890
    AND contacts.is_paid = FALSE
    AND (updated_at > '2021-04-12 12:00:00');
QUERY PLAN
----------------------------------------------
Aggregate (cost=107.50..107.51 rows=1 width=8)
    Seq Scan on contacts (cost=0.00..105.00 rows=1000 width=0)
        Filter: ((NOT is_paid) AND (updated_at > '2021-04-12 12:00:00'::timestamp without time zone) AND (account_id =1234))
(3 rows)
```

在每种情况下，查询都对表执行Seq扫描(顺序扫描)。该操作需要扫描整个表来检索所需的列。即使使用分区键进行查找，它仍然需要进行大量扫描。

在大多数情况下避免SELECT COUNT(*)查询，因为它们可能需要对表进行完整扫描才能获得结果。这可能会导致查询性能下降，在某些情况下还会导致查询根本不返回。

由于上面的大多数查询都使用account_id作为主要限定符，因此可以通过在该列上创建直接索引，然后使用INCLUDE特性覆盖索引中需要的其他列，从而避免顺序扫描。索引是一种强大的工具，可以加快具有较高延迟的查询。在创建索引时，要考虑列基数以及不同的索引类型。

按如下方法创建索引:

```
create index contacts_account_id on contacts (account_id hash, updated_at desc) include (is_paid, is_over_charged);
```

有了索引后，查询现在执行索引而不是顺序扫描来获取数据，从而显著提高了性能。

```
bigmath=# explain SELECT COUNT(*) FROM contacts WHERE contacts.account_id = 1234
    AND contacts.is_paid = TRUE
    AND contacts.is_over_charged = TRUE
    AND (updated_at > '2021-04-12 12:00:00');
QUERY PLAN
------------------------------------------
Aggregate (cost=5.30..5.31 rows=1 width=8)
    Index Scan using contacts_account_id on contacts (cost=0.00..5.28 rows=10 width=0)
    Index Cond: (account_id = 1234)
        Filter: (is_paid AND is_over_charged AND (updated_at > '2021-04-12 12:00:00'::timestamp without time zone))
(4 rows)
 
Time: 57.208 ms
Previous run time: 194 seconds
bigmath=# explain SELECT COUNT(*) FROM contacts WHERE contacts.account_id = 5678
    AND contacts.is_paid = TRUE
    AND contacts.is_over_charged = TRUE
    AND (updated_at > '2021-04-12 12:00:00');
QUERY PLAN
------------------------------------------
Aggregate (cost=5.30..5.31 rows=1 width=8)
    Index Scan using contacts_account_id on contacts (cost=0.00..5.28 rows=10 width=0)
    Index Cond: (account_id = 5678)
        Filter: (is_paid AND is_over_charged AND (updated_at > '2021-04-12 12:00:00'::timestamp without time zone))
(4 rows)
 
Time: 11.923 ms
Previous run time 188 seconds
bigmath=# explain SELECT COUNT(*) FROM contacts WHERE contacts.account_id = 7890
    AND contacts.is_paid = FALSE
    AND (updated_at > '2021-04-12 12:00:00');
QUERY PLAN
------------------------------------------
Aggregate (cost=5.30..5.31 rows=1 width=8)
    Index Scan using contacts_account_id on contacts (cost=0.00..5.28 rows=10 width=0)
    Index Cond: (account_id = 8060)
        Filter: ((NOT is_paid) AND (updated_at > '2021-04-12 12:00:00'::timestamp without time zone))
(4 rows)
 
Time: 46.658 ms
Previous run time: 147 seconds
```

### **通过更改表排序优化SELECT**

以下查询从已定义某些索引的帐户表中检索数据。

表定义：

```
bigmath=# \d accounts
```

​                                    Table "public.accounts"

```
Column        | Type                        | Collation | Nullable | Default
--------------+-----------------------------+-----------+----------+--------
id            | bigint                      | For       | not null | nextval('accounts_id_seq'::regclass)
company_name  | character varying(125)      |           | not null |
status        | character varying(25)       |           |          |
first_name    | character varying(55)       |           |          |
last_name     | character varying(55)       |           |          |
phone         | character varying(25)       |           |          |
created_at    | timestamp without time zone |           | not null |
updated_at    | timestamp without time zone |           | not null |
product_id    | integer                     |           |          |
business_type | character varying(55)       |           |          |
sales_rep     | character varying           |           |          |
 
Indexes:
    "accounts_pkey" PRIMARY KEY, lsm (id HASH)
    "index_on_company_name" lsm (company_name HASH)
```

EXPLAIN查询的输出如下所示：

```
bigmath=# explain SELECT accounts.* FROM accounts
    ORDER BY accounts.id desc, accounts.id desc LIMIT 25 OFFSET 0;
QUERY PLAN
----------------------------------------------
Limit (cost=128.22..128.28 rows=25 width=1642)
    Sort (cost=128.22..130.72 rows=1000 width=1642)
        Sort Key: id DESC
            Seq Scan on accounts (cost=0.00..100.00 rows=1000 width=1642)
```

在这种情况下，首先运行排序，这会给查询增加额外的时间，然后再运行表的顺序扫描，这也会降低性能。
为了优化这个查询，将表的主键排序调整为DESC而不是HASH。

```
CREATE TABLE public.accounts ( id bigint NOT NULL, ... ,PRIMARY KEY(id desc);
```

现在，查询不再执行顺序扫描;相反，它使用索引扫描，将执行时间从430毫秒减少到3毫秒。

```
bigmath=# explain SELECT accounts.* FROM accounts
    ORDER BY accounts.id desc, accounts.id desc LIMIT 25 OFFSET 0;
QUERY PLAN
------------------------------------------
Limit (cost=0.00..2.85 rows=25 width=1642)
    Index Scan using accounts_pkey on accounts (cost=0.00..114.00 rows=1000 width=1642)
 
Time: 2.994 ms
Previous run time: 426.627 ms
```

### **使用索引优化SELECT**

以下示例中的查询运行顺序扫描，可以通过添加索引来修复。

```
bigmath=# \d account_type
```

​                                    Table "public.account_type"

```
Column      | Type                           | Collation | Nullable | Default
------------+--------------------------------+-----------+----------+--------
id          | bigint                         |           | not null | nextval('account_domains_id_seq'::regclass)
account_id  | integer                        |           | For      |
type        | character varying(55)          |           |          |
url         | character varying              |           |          |
is_valid    | boolean                        |           |          |
created_at  | timestamp(6) without time zone |           | not null |
updated_at  | timestamp(6) without time zone |           | not null |
verified_at | timestamp without time zone    |           |          |
 
Indexes:
    "account_type_pkey" PRIMARY KEY, lsm (id HASH)
bigmath=# explain SELECT account_type.* FROM account_type
    WHERE account_type.account_id = 1234 ORDER BY account_type.url ASC;
QUERY PLAN
----------------------------------------------
Sort (cost=152.33..154.83 rows=1000 width=237)
    Sort Key: url
        Seq Scan on account_type (cost=0.00..102.50 rows=1000 width=237)
            Filter: (account_id = 6873)
```

查询在account_type表上运行顺序扫描，因此在account_id上添加索引可以防止对表进行完整扫描，如下所示:

```
create index account_id on account_type(account_id);
```

使用新索引，查询扫描索引而不是更大的主表，从而显著提高了性能。

```
bigmath=# explain SELECT account_type.* FROM account_type
    WHERE account_type.account_id = 6873 ORDER BY account_type.url ASC;
QUERY PLAN
----------------------------------------
Sort (cost=5.39..5.42 rows=10 width=237)
    Sort Key: url
        Index Scan using account_id on account_type (cost=0.00..5.22 rows=10 width=237)
            Index Cond: (account_id = 6873)
 
Time: 71.757 ms
Previous runtime: 460 ms
```

